<?xml version="1.0" encoding="UTF-8"?>
<testng-results skipped="0" failed="1" ignored="0" total="1" passed="0">
  <reporter-output>
  </reporter-output>
  <suite name="Default suite" duration-ms="36463" started-at="2019-09-28T11:20:47 IST" finished-at="2019-09-28T11:21:24 IST">
    <groups>
    </groups>
    <test name="Default test" duration-ms="36463" started-at="2019-09-28T11:20:47 IST" finished-at="2019-09-28T11:21:24 IST">
      <class name="seleniumframework.seleniumframeworkstarterclass">
        <test-method status="PASS" signature="setup()[pri:0, instance:seleniumframework.seleniumframeworkstarterclass@2ac273d3]" name="setup" is-config="true" duration-ms="7294" started-at="2019-09-28T11:20:47 IST" finished-at="2019-09-28T11:20:55 IST">
          <reporter-output>
          </reporter-output>
        </test-method> <!-- setup -->
        <test-method status="FAIL" signature="testMethod()[pri:0, instance:seleniumframework.seleniumframeworkstarterclass@2ac273d3]" name="testMethod" duration-ms="28447" started-at="2019-09-28T11:20:55 IST" finished-at="2019-09-28T11:21:23 IST">
          <exception class="java.lang.AssertionError">
            <message>
              <![CDATA[expected [Welcome: Mercury Tours No] but found [Welcome: Mercury Tours]]]>
            </message>
            <full-stacktrace>
              <![CDATA[java.lang.AssertionError: expected [Welcome: Mercury Tours No] but found [Welcome: Mercury Tours]
at org.testng.Assert.fail(Assert.java:97)
at org.testng.Assert.assertEqualsImpl(Assert.java:136)
at org.testng.Assert.assertEquals(Assert.java:118)
at org.testng.Assert.assertEquals(Assert.java:575)
at org.testng.Assert.assertEquals(Assert.java:585)
at seleniumframework.seleniumframeworkstarterclass.testMethod(seleniumframeworkstarterclass.java:40)
at sun.reflect.NativeMethodAccessorImpl.invoke0(Native Method)
at sun.reflect.NativeMethodAccessorImpl.invoke(NativeMethodAccessorImpl.java:62)
at sun.reflect.DelegatingMethodAccessorImpl.invoke(DelegatingMethodAccessorImpl.java:43)
at java.lang.reflect.Method.invoke(Method.java:498)
at org.testng.internal.MethodInvocationHelper.invokeMethod(MethodInvocationHelper.java:133)
at org.testng.internal.TestInvoker.invokeMethod(TestInvoker.java:584)
at org.testng.internal.TestInvoker.invokeTestMethod(TestInvoker.java:172)
at org.testng.internal.MethodRunner.runInSequence(MethodRunner.java:46)
at org.testng.internal.TestInvoker$MethodInvocationAgent.invoke(TestInvoker.java:804)
at org.testng.internal.TestInvoker.invokeTestMethods(TestInvoker.java:145)
at org.testng.internal.TestMethodWorker.invokeTestMethods(TestMethodWorker.java:146)
at org.testng.internal.TestMethodWorker.run(TestMethodWorker.java:128)
at java.util.ArrayList.forEach(ArrayList.java:1257)
at org.testng.TestRunner.privateRun(TestRunner.java:770)
at org.testng.TestRunner.run(TestRunner.java:591)
at org.testng.SuiteRunner.runTest(SuiteRunner.java:402)
at org.testng.SuiteRunner.runSequentially(SuiteRunner.java:396)
at org.testng.SuiteRunner.privateRun(SuiteRunner.java:355)
at org.testng.SuiteRunner.run(SuiteRunner.java:304)
at org.testng.SuiteRunnerWorker.runSuite(SuiteRunnerWorker.java:53)
at org.testng.SuiteRunnerWorker.run(SuiteRunnerWorker.java:96)
at org.testng.TestNG.runSuitesSequentially(TestNG.java:1180)
at org.testng.TestNG.runSuitesLocally(TestNG.java:1102)
at org.testng.TestNG.runSuites(TestNG.java:1032)
at org.testng.TestNG.run(TestNG.java:1000)
at org.testng.remote.AbstractRemoteTestNG.run(AbstractRemoteTestNG.java:115)
at org.testng.remote.RemoteTestNG.initAndRun(RemoteTestNG.java:251)
at org.testng.remote.RemoteTestNG.main(RemoteTestNG.java:77)
]]>
            </full-stacktrace>
          </exception> <!-- java.lang.AssertionError -->
          <reporter-output>
          </reporter-output>
        </test-method> <!-- testMethod -->
        <test-method status="PASS" signature="clear()[pri:0, instance:seleniumframework.seleniumframeworkstarterclass@2ac273d3]" name="clear" is-config="true" duration-ms="627" started-at="2019-09-28T11:21:23 IST" finished-at="2019-09-28T11:21:24 IST">
          <reporter-output>
          </reporter-output>
        </test-method> <!-- clear -->
      </class> <!-- seleniumframework.seleniumframeworkstarterclass -->
    </test> <!-- Default test -->
  </suite> <!-- Default suite -->
</testng-results>
